Component 1 of 5:
23 69 49
24 70 48
25 71 47
26 72 46
27 73 45
28 74 44
29 75 44
30 76 44
31 77 44
32 77 44
33 77 44
34 77 44
35 77 44
36 77 44
37 77 44
38 77 44
39 77 44
40 77 44
41 77 44
42 77 44
43 77 44
44 77 44
45 77 44
46 77 44
47 77 44
48 77 44
49 77 44
50 77 44
51 77 44
52 77 44
53 77 44
54 77 44
55 77 44
56 76 44
57 75 44
58 74 44
59 73 44
60 72 44
61 71 44
62 70 44
63 69 44
64 68 44
65 67 44
66 66 44
67 65 44
68 64 44
68 63 44
68 62 44
68 61 44
68 60 44
68 59 44
68 58 44
68 57 44
68 56 44
68 55 44
68 54 44
68 53 44
68 52 44
68 51 44
68 50 44
68 49 44
68 48 44
68 47 44
67 46 44
66 45 44
65 44 45
64 43 46
63 42 47
62 41 48
61 40 49
60 39 50
59 38 51
58 37 52
57 36 53
56 35 54
55 35 55
54 35 56
53 35 56
52 35 56
51 35 56
50 35 56
49 35 56
48 35 56
47 35 56
46 35 56
45 35 56
44 35 56
43 35 56
42 35 56
41 35 56
40 35 56
39 36 56
38 37 56
37 38 56
36 39 56
35 40 56
34 41 56
33 42 56
32 43 56
31 44 56
30 45 56
29 46 56
29 47 56
29 48 56
29 49 56
29 50 56
29 51 56
29 52 56
29 53 56
29 54 56
29 55 56
29 56 56
29 57 56
29 58 56
29 59 56
29 60 56
29 61 56
29 62 56
29 63 56
30 64 56
31 65 56
32 66 56
33 67 56
34 68 56
35 69 56
36 70 56
37 71 56
38 72 56
39 73 56
40 74 56
41 75 56
42 76 56
43 77 56
44 78 56
45 78 56
46 78 56
47 78 56
48 78 56
49 78 56
50 78 56
51 78 56
52 78 56
53 78 56
54 78 56
55 78 56
56 78 56
57 78 56
58 78 56
59 78 56
60 78 56
61 78 56
62 78 56
63 78 56
64 78 56
65 78 56
66 78 56
67 78 56
68 78 56
69 78 56
70 77 55
71 76 54
72 75 53
73 74 52
74 73 51
75 72 51
76 71 50
77 70 50
78 69 50
79 68 50
80 67 50
81 66 50
82 65 50
83 64 50
84 63 50
84 62 50
84 61 50
84 60 50
84 59 50
84 58 50
84 57 50
84 56 50
84 55 50
84 54 50
84 53 50
84 52 50
84 51 50
84 50 50
84 49 50
84 48 50
84 47 50
84 46 50
84 45 50
84 44 50
84 43 50
84 42 50
84 41 50
84 40 50
84 39 50
84 38 50
83 37 50
82 36 50
81 35 50
80 34 50
79 33 50
78 32 50
77 31 49
76 30 48
75 29 47
74 28 46
73 27 45
72 26 44
71 25 44
70 24 44
69 23 44
68 23 44
67 23 44
66 23 44
65 23 44
64 23 44
63 23 44
62 23 44
61 23 44
60 23 44
59 23 44
58 23 44
57 23 44
56 23 44
55 23 44
54 23 44
53 23 44
52 23 44
51 23 44
50 23 44
49 23 44
48 23 44
47 23 44
46 23 44
45 23 44
44 24 44
43 25 44
42 26 44
41 27 44
40 28 44
39 29 44
38 30 44
37 31 44
36 32 44
35 33 44
34 34 44
33 35 44
32 36 44
32 37 44
32 38 44
32 39 44
32 40 44
32 41 44
32 42 44
32 43 44
32 44 44
32 45 44
32 46 44
32 47 44
32 48 44
32 49 44
32 50 44
32 51 44
32 52 44
32 53 44
33 54 44
34 55 44
35 56 45
36 57 46
37 58 47
38 59 48
39 60 49
40 61 50
41 62 51
42 63 52
43 64 53
44 65 54
45 65 55
46 65 56
47 65 56
48 65 56
49 65 56
50 65 56
51 65 56
52 65 56
53 65 56
54 65 56
55 65 56
56 65 56
57 65 56
58 65 56
59 65 56
60 65 56
61 64 56
62 63 56
63 62 56
64 61 56
65 60 56
66 59 56
67 58 56
68 57 56
69 56 56
70 55 56
71 54 56
71 53 56
71 52 56
71 51 56
71 50 56
71 49 56
71 48 56
71 47 56
71 46 56
71 45 56
71 44 56
71 43 56
71 42 56
71 41 56
71 40 56
71 39 56
71 38 56
71 37 56
70 36 56
69 35 56
68 34 56
67 33 56
66 32 56
65 31 56
64 30 56
63 29 56
62 28 56
61 27 56
60 26 56
59 25 56
58 24 56
57 23 56
56 22 56
55 22 56
54 22 56
53 22 56
52 22 56
51 22 56
50 22 56
49 22 56
48 22 56
47 22 56
46 22 56
45 22 56
44 22 56
43 22 56
42 22 56
41 22 56
40 22 56
39 22 56
38 22 56
37 22 56
36 22 56
35 22 56
34 22 56
33 22 56
32 22 56
31 22 56
30 23 55
29 24 54
28 25 53
27 26 52
26 27 51
25 28 51
24 29 50
23 30 50
22 31 50
21 32 50
20 33 50
19 34 50
18 35 50
17 36 50
16 37 50
16 38 50
16 39 50
16 40 50
16 41 50
16 42 50
16 43 50
16 44 50
16 45 50
16 46 50
16 47 50
16 48 50
16 49 50
16 50 50
16 51 50
16 52 50
16 53 50
16 54 50
16 55 50
16 56 50
16 57 50
16 58 50
16 59 50
16 60 50
16 61 50
16 62 50
17 63 50
18 64 50
19 65 50
20 66 50
21 67 50
22 68 50

Component 2 of 5:
24 69 49
25 70 48
26 71 47
27 72 46
28 73 45
29 74 45
30 75 45
31 76 45
32 76 45
33 77 45
34 78 45
35 78 45
36 78 45
37 78 45
38 78 45
39 78 45
40 78 45
41 78 45
42 78 45
43 78 45
44 78 45
45 78 45
46 78 45
47 78 45
48 78 45
49 78 45
50 78 45
51 78 45
52 78 45
53 78 45
54 78 45
55 78 45
56 78 45
57 77 45
58 76 45
59 75 45
60 74 45
61 73 45
62 72 45
63 71 45
64 70 45
65 69 45
66 68 45
67 67 45
68 66 45
69 65 45
70 64 45
70 63 45
70 62 45
70 61 45
70 60 45
70 59 45
70 58 45
70 57 45
70 56 45
70 55 45
70 54 45
70 53 45
70 52 45
70 51 45
70 50 45
70 49 45
70 48 45
70 47 45
69 46 45
68 45 45
67 44 45
66 43 45
65 42 46
64 41 47
63 40 48
62 39 49
61 38 50
60 37 51
59 36 52
58 35 53
57 34 54
56 33 55
55 33 55
54 33 56
53 33 57
52 33 57
51 33 57
50 33 57
49 33 57
48 33 57
47 33 57
46 33 57
45 33 57
44 33 57
43 33 57
42 33 57
41 33 57
40 33 57
39 34 57
38 35 57
37 36 57
36 37 57
35 38 57
34 39 57
33 40 57
32 41 57
31 42 57
30 43 57
29 44 57
28 45 57
27 46 57
27 47 57
27 48 57
27 49 57
27 50 57
27 51 57
27 52 57
27 53 57
27 54 57
27 55 57
27 56 57
27 57 57
27 58 57
27 59 57
27 60 57
27 61 57
27 62 57
27 63 57
27 64 57
28 65 57
29 66 57
30 67 57
31 68 57
32 69 57
33 70 57
34 71 57
35 72 57
36 73 57
37 74 57
38 75 57
39 76 57
40 77 57
41 78 57
42 79 57
43 80 57
44 80 57
45 80 57
46 80 57
47 80 57
48 80 57
49 80 57
50 80 57
51 80 57
52 80 57
53 80 57
54 80 57
55 80 57
56 80 57
57 80 57
58 80 57
59 80 57
60 80 57
61 80 57
62 80 57
63 80 57
64 80 57
65 80 57
66 80 57
67 79 57
68 78 57
69 77 56
70 76 55
71 75 54
72 74 53
73 73 52
74 72 51
75 71 51
76 70 50
77 69 50
78 68 50
79 67 50
80 66 50
81 65 50
82 64 50
83 63 50
83 62 50
83 61 50
83 60 50
83 59 50
83 58 50
83 57 50
83 56 50
83 55 50
83 54 50
83 53 50
83 52 50
83 51 50
83 50 50
83 49 50
83 48 50
83 47 50
83 46 50
83 45 50
83 44 50
83 43 50
83 42 50
83 41 50
83 40 50
83 39 50
83 38 50
82 37 50
81 36 50
80 35 50
79 34 50
78 33 50
77 32 50
76 31 49
75 30 48
74 29 47
73 28 46
72 27 45
71 26 45
70 25 45
69 24 45
68 24 45
67 23 45
66 22 45
65 22 45
64 22 45
63 22 45
62 22 45
61 22 45
60 22 45
59 22 45
58 22 45
57 22 45
56 22 45
55 22 45
54 22 45
53 22 45
52 22 45
51 22 45
50 22 45
49 22 45
48 22 45
47 22 45
46 22 45
45 22 45
44 22 45
43 23 45
42 24 45
41 25 45
40 26 45
39 27 45
38 28 45
37 29 45
36 30 45
35 31 45
34 32 45
33 33 45
32 34 45
31 35 45
30 36 45
30 37 45
30 38 45
30 39 45
30 40 45
30 41 45
30 42 45
30 43 45
30 44 45
30 45 45
30 46 45
30 47 45
30 48 45
30 49 45
30 50 45
30 51 45
30 52 45
30 53 45
31 54 45
32 55 45
33 56 45
34 57 45
35 58 46
36 59 47
37 60 48
38 61 49
39 62 50
40 63 51
41 64 52
42 65 53
43 66 54
44 67 55
45 67 55
46 67 56
47 67 57
48 67 57
49 67 57
50 67 57
51 67 57
52 67 57
53 67 57
54 67 57
55 67 57
56 67 57
57 67 57
58 67 57
59 67 57
60 67 57
61 66 57
62 65 57
63 64 57
64 63 57
65 62 57
66 61 57
67 60 57
68 59 57
69 58 57
70 57 57
71 56 57
72 55 57
73 54 57
73 53 57
73 52 57
73 51 57
73 50 57
73 49 57
73 48 57
73 47 57
73 46 57
73 45 57
73 44 57
73 43 57
73 42 57
73 41 57
73 40 57
73 39 57
73 38 57
73 37 57
73 36 57
72 35 57
71 34 57
70 33 57
69 32 57
68 31 57
67 30 57
66 29 57
65 28 57
64 27 57
63 26 57
62 25 57
61 24 57
60 23 57
59 22 57
58 21 57
57 20 57
56 20 57
55 20 57
54 20 57
53 20 57
52 20 57
51 20 57
50 20 57
49 20 57
48 20 57
47 20 57
46 20 57
45 20 57
44 20 57
43 20 57
42 20 57
41 20 57
40 20 57
39 20 57
38 20 57
37 20 57
36 20 57
35 20 57
34 20 57
33 21 57
32 22 57
31 23 56
30 24 55
29 25 54
28 26 53
27 27 52
26 28 51
25 29 51
24 30 50
23 31 50
22 32 50
21 33 50
20 34 50
19 35 50
18 36 50
17 37 50
17 38 50
17 39 50
17 40 50
17 41 50
17 42 50
17 43 50
17 44 50
17 45 50
17 46 50
17 47 50
17 48 50
17 49 50
17 50 50
17 51 50
17 52 50
17 53 50
17 54 50
17 55 50
17 56 50
17 57 50
17 58 50
17 59 50
17 60 50
17 61 50
17 62 50
18 63 50
19 64 50
20 65 50
21 66 50
22 67 50
23 68 50

Component 3 of 5:
23 70 49
24 71 48
25 72 47
26 73 46
27 74 45
28 75 44
29 76 44
30 77 44
31 78 44
32 78 44
33 78 44
34 78 44
35 78 44
36 78 44
37 78 44
38 78 44
39 78 44
40 78 44
41 78 44
42 78 44
43 78 44
44 78 44
45 78 44
46 78 44
47 78 44
48 78 44
49 78 44
50 78 44
51 78 44
52 78 44
53 78 44
54 78 44
55 78 44
56 77 44
57 76 44
58 75 44
59 74 44
60 73 44
61 72 44
62 71 44
63 70 44
64 69 44
65 68 44
66 67 44
67 66 44
68 65 44
69 64 44
69 63 44
69 62 44
69 61 44
69 60 44
69 59 44
69 58 44
69 57 44
69 56 44
69 55 44
69 54 44
69 53 44
69 52 44
69 51 44
69 50 44
69 49 44
69 48 44
69 47 44
68 46 44
67 45 44
66 44 44
65 43 44
64 42 45
63 41 46
62 40 47
61 39 48
60 38 49
59 37 50
58 36 51
57 35 52
56 34 53
55 33 54
54 33 55
53 33 56
52 33 56
51 33 56
50 33 56
49 33 56
48 33 56
47 33 56
46 33 56
45 33 56
44 33 56
43 33 56
42 33 56
41 33 56
40 33 56
39 34 56
38 35 56
37 36 56
36 37 56
35 38 56
34 39 56
33 40 56
32 41 56
31 42 56
30 43 56
29 44 56
28 45 56
28 46 56
28 47 56
28 48 56
28 49 56
28 50 56
28 51 56
28 52 56
28 53 56
28 54 56
28 55 56
28 56 56
28 57 56
28 58 56
28 59 56
28 60 56
28 61 56
28 62 56
28 63 56
28 64 56
29 65 56
30 66 56
31 67 56
32 68 56
33 69 56
34 70 56
35 71 56
36 72 56
37 73 56
38 74 56
39 75 56
40 76 56
41 77 56
42 78 56
43 79 56
44 80 56
45 80 56
46 80 56
47 80 56
48 80 56
49 80 56
50 80 56
51 80 56
52 80 56
53 80 56
54 80 56
55 80 56
56 80 56
57 80 56
58 80 56
59 80 56
60 80 56
61 80 56
62 80 56
63 80 56
64 80 56
65 80 56
66 80 56
67 80 56
68 80 56
69 80 56
70 79 56
71 78 55
72 77 54
73 76 53
74 75 52
75 74 51
76 73 51
77 72 51
78 71 50
79 70 50
80 69 50
81 68 50
82 67 50
83 66 50
84 65 50
85 64 50
85 63 50
85 62 50
85 61 50
85 60 50
85 59 50
85 58 50
85 57 50
85 56 50
85 55 50
85 54 50
85 53 50
85 52 50
85 51 50
85 50 50
85 49 50
85 48 50
85 47 50
85 46 50
85 45 50
85 44 50
85 43 50
85 42 50
85 41 50
85 40 50
85 39 50
85 38 50
84 37 50
83 36 50
82 35 50
81 34 50
80 33 50
79 32 50
78 31 50
77 30 49
76 29 48
75 28 47
74 27 46
73 26 45
72 25 44
71 24 44
70 23 44
69 22 44
68 22 44
67 22 44
66 22 44
65 22 44
64 22 44
63 22 44
62 22 44
61 22 44
60 22 44
59 22 44
58 22 44
57 22 44
56 22 44
55 22 44
54 22 44
53 22 44
52 22 44
51 22 44
50 22 44
49 22 44
48 22 44
47 22 44
46 22 44
45 22 44
44 23 44
43 24 44
42 25 44
41 26 44
40 27 44
39 28 44
38 29 44
37 30 44
36 31 44
35 32 44
34 33 44
33 34 44
32 35 44
31 36 44
31 37 44
31 38 44
31 39 44
31 40 44
31 41 44
31 42 44
31 43 44
31 44 44
31 45 44
31 46 44
31 47 44
31 48 44
31 49 44
31 50 44
31 51 44
31 52 44
31 53 44
32 54 44
33 55 44
34 56 44
35 57 44
36 58 45
37 59 46
38 60 47
39 61 48
40 62 49
41 63 50
42 64 51
43 65 52
44 66 53
45 67 54
46 67 55
47 67 56
48 67 56
49 67 56
50 67 56
51 67 56
52 67 56
53 67 56
54 67 56
55 67 56
56 67 56
57 67 56
58 67 56
59 67 56
60 67 56
61 66 56
62 65 56
63 64 56
64 63 56
65 62 56
66 61 56
67 60 56
68 59 56
69 58 56
70 57 56
71 56 56
72 55 56
72 54 56
72 53 56
72 52 56
72 51 56
72 50 56
72 49 56
72 48 56
72 47 56
72 46 56
72 45 56
72 44 56
72 43 56
72 42 56
72 41 56
72 40 56
72 39 56
72 38 56
72 37 56
72 36 56
71 35 56
70 34 56
69 33 56
68 32 56
67 31 56
66 30 56
65 29 56
64 28 56
63 27 56
62 26 56
61 25 56
60 24 56
59 23 56
58 22 56
57 21 56
56 20 56
55 20 56
54 20 56
53 20 56
52 20 56
51 20 56
50 20 56
49 20 56
48 20 56
47 20 56
46 20 56
45 20 56
44 20 56
43 20 56
42 20 56
41 20 56
40 20 56
39 20 56
38 20 56
37 20 56
36 20 56
35 20 56
34 20 56
33 20 56
32 20 56
31 20 56
30 21 56
29 22 55
28 23 54
27 24 53
26 25 52
25 26 51
24 27 51
23 28 51
22 29 50
21 30 50
20 31 50
19 32 50
18 33 50
17 34 50
16 35 50
15 36 50
15 37 50
15 38 50
15 39 50
15 40 50
15 41 50
15 42 50
15 43 50
15 44 50
15 45 50
15 46 50
15 47 50
15 48 50
15 49 50
15 50 50
15 51 50
15 52 50
15 53 50
15 54 50
15 55 50
15 56 50
15 57 50
15 58 50
15 59 50
15 60 50
15 61 50
15 62 50
16 63 50
17 64 50
18 65 50
19 66 50
20 67 50
21 68 50
22 69 50

Component 4 of 5:
23 32 50
22 33 50
21 34 50
20 35 50
19 36 50
18 37 50
18 38 50
18 39 50
18 40 50
18 41 50
18 42 50
18 43 50
18 44 50
18 45 50
18 46 50
18 47 50
18 48 50
18 49 50
18 50 50
18 51 50
18 52 50
18 53 50
18 54 50
18 55 50
18 56 50
18 57 50
18 58 50
18 59 50
18 60 50
18 61 50
18 62 50
19 63 50
20 64 50
21 65 50
22 66 50
23 67 50
24 68 49
25 69 48
26 70 47
27 71 46
28 72 45
29 73 44
30 74 44
31 75 44
32 75 44
33 75 44
34 76 44
35 76 44
36 76 44
37 76 44
38 76 44
39 76 44
40 76 44
41 76 44
42 76 44
43 76 44
44 76 44
45 76 44
46 76 44
47 76 44
48 76 44
49 76 44
50 76 44
51 76 44
52 76 44
53 76 44
54 76 44
55 75 44
56 74 44
57 73 44
58 72 44
59 71 44
60 70 44
61 69 44
62 68 44
63 67 44
64 66 44
65 65 44
66 64 44
67 63 44
67 62 44
67 61 44
67 60 44
67 59 44
67 58 44
67 57 44
67 56 44
67 55 44
67 54 44
67 53 44
67 52 44
67 51 44
67 50 44
67 49 44
67 48 44
66 47 44
65 46 44
64 45 44
63 44 45
62 43 46
61 42 47
60 41 48
59 40 49
58 39 50
57 38 51
56 37 52
55 36 53
54 36 54
53 36 55
52 36 56
51 36 56
50 36 56
49 36 56
48 36 56
47 36 56
46 36 56
45 36 56
44 36 56
43 36 56
42 36 56
41 36 56
40 36 56
39 37 56
38 38 56
37 39 56
36 40 56
35 41 56
34 42 56
33 43 56
32 44 56
31 45 56
30 46 56
30 47 56
30 48 56
30 49 56
30 50 56
30 51 56
30 52 56
30 53 56
30 54 56
30 55 56
30 56 56
30 57 56
30 58 56
30 59 56
30 60 56
30 61 56
30 62 56
31 63 56
32 64 56
33 65 56
34 66 56
35 67 56
36 68 56
37 69 56
38 70 56
39 71 56
40 72 56
41 73 56
42 74 56
43 75 56
44 76 56
45 77 56
46 77 56
47 77 56
48 77 56
49 77 56
50 77 56
51 77 56
52 77 56
53 77 56
54 77 56
55 77 56
56 77 56
57 77 56
58 77 56
59 77 56
60 77 56
61 77 56
62 77 56
63 77 56
64 77 56
65 77 56
66 77 56
67 77 56
68 77 56
69 76 55
70 75 54
71 74 53
72 73 52
73 72 51
74 71 51
75 70 51
76 69 51
77 68 50
78 67 50
79 66 50
80 65 50
81 64 50
82 63 50
82 62 50
82 61 50
82 60 50
82 59 50
82 58 50
82 57 50
82 56 50
82 55 50
82 54 50
82 53 50
82 52 50
82 51 50
82 50 50
82 49 50
82 48 50
82 47 50
82 46 50
82 45 50
82 44 50
82 43 50
82 42 50
82 41 50
82 40 50
82 39 50
82 38 50
81 37 50
80 36 50
79 35 50
78 34 50
77 33 50
76 32 49
75 31 48
74 30 47
73 29 46
72 28 45
71 27 44
70 26 44
69 25 44
68 25 44
67 25 44
66 24 44
65 24 44
64 24 44
63 24 44
62 24 44
61 24 44
60 24 44
59 24 44
58 24 44
57 24 44
56 24 44
55 24 44
54 24 44
53 24 44
52 24 44
51 24 44
50 24 44
49 24 44
48 24 44
47 24 44
46 24 44
45 25 44
44 26 44
43 27 44
42 28 44
41 29 44
40 30 44
39 31 44
38 32 44
37 33 44
36 34 44
35 35 44
34 36 44
33 37 44
33 38 44
33 39 44
33 40 44
33 41 44
33 42 44
33 43 44
33 44 44
33 45 44
33 46 44
33 47 44
33 48 44
33 49 44
33 50 44
33 51 44
33 52 44
34 53 44
35 54 44
36 55 44
37 56 45
38 57 46
39 58 47
40 59 48
41 60 49
42 61 50
43 62 51
44 63 52
45 64 53
46 64 54
47 64 55
48 64 56
49 64 56
50 64 56
51 64 56
52 64 56
53 64 56
54 64 56
55 64 56
56 64 56
57 64 56
58 64 56
59 64 56
60 64 56
61 63 56
62 62 56
63 61 56
64 60 56
65 59 56
66 58 56
67 57 56
68 56 56
69 55 56
70 54 56
70 53 56
70 52 56
70 51 56
70 50 56
70 49 56
70 48 56
70 47 56
70 46 56
70 45 56
70 44 56
70 43 56
70 42 56
70 41 56
70 40 56
70 39 56
70 38 56
69 37 56
68 36 56
67 35 56
66 34 56
65 33 56
64 32 56
63 31 56
62 30 56
61 29 56
60 28 56
59 27 56
58 26 56
57 25 56
56 24 56
55 23 56
54 23 56
53 23 56
52 23 56
51 23 56
50 23 56
49 23 56
48 23 56
47 23 56
46 23 56
45 23 56
44 23 56
43 23 56
42 23 56
41 23 56
40 23 56
39 23 56
38 23 56
37 23 56
36 23 56
35 23 56
34 23 56
33 23 56
32 23 56
31 24 55
30 25 54
29 26 53
28 27 52
27 28 51
26 29 51
25 30 51
24 31 51

Component 5 of 5:
62 23 51
61 23 51
60 23 51
59 23 51
58 23 51
57 23 51
56 23 51
55 23 51
54 23 51
53 23 51
52 23 51
51 23 51
50 23 51
49 23 51
48 23 51
47 23 51
46 23 51
45 23 51
44 23 51
43 23 51
42 23 51
41 23 51
40 23 51
39 23 51
38 24 51
37 25 51
36 26 51
35 27 51
34 28 51
33 29 51
32 30 51
31 31 51
30 32 51
29 33 51
28 34 51
27 35 51
26 36 51
25 37 51
24 38 51
23 39 51
22 40 51
22 41 51
22 42 51
22 43 51
22 44 51
22 45 51
22 46 51
22 47 51
22 48 51
22 49 51
22 50 51
22 51 51
22 52 51
22 53 51
22 54 51
22 55 51
22 56 51
22 57 51
22 58 51
22 59 51
22 60 51
22 61 51
23 62 51
24 63 51
25 64 51
26 65 51
27 66 51
28 67 51
29 68 51
30 69 51
31 70 51
32 71 51
33 72 51
34 73 51
35 74 51
36 75 51
37 76 51
38 77 51
39 77 51
40 77 51
41 77 51
42 77 51
43 77 51
44 77 51
45 77 51
46 77 51
47 77 51
48 77 51
49 77 51
50 77 51
51 77 51
52 77 51
53 77 51
54 77 51
55 77 51
56 77 51
57 77 51
58 77 51
59 77 51
60 77 51
61 77 51
62 76 51
63 75 51
64 74 51
65 73 51
66 72 51
67 71 51
68 70 51
69 69 51
70 68 51
71 67 51
72 66 51
73 65 51
74 64 51
75 63 51
76 62 51
77 61 51
78 60 51
78 59 51
78 58 51
78 57 51
78 56 51
78 55 51
78 54 51
78 53 51
78 52 51
78 51 51
78 50 51
78 49 51
78 48 51
78 47 51
78 46 51
78 45 51
78 44 51
78 43 51
78 42 51
78 41 51
78 40 51
78 39 51
77 38 51
76 37 51
75 36 51
74 35 51
73 34 51
72 33 51
71 32 51
70 31 51
69 30 51
68 29 51
67 28 51
66 27 51
65 26 51
64 25 51
63 24 51

